<?xml version="1.0" encoding="UTF-8"?>
<!-- Generated by org.testng.reporters.JUnitXMLReporter -->
<testsuite ignored="0" hostname="LAPTOP-U3PO2TCO" failures="0" tests="5" name="Default test" time="118.272" errors="0" timestamp="2021-09-02T18:02:45 IST">
  <testcase classname="com.amazon.runner.Tests" name="searchproduct" time="35.599"/>
  <testcase classname="com.amazon.runner.Tests" name="searchproduct" time="30.605"/>
  <testcase classname="com.amazon.runner.Tests" name="searchproduct" time="11.869"/>
  <testcase classname="com.amazon.runner.Tests" name="searchproduct" time="14.701"/>
  <testcase classname="com.amazon.runner.Tests" name="searchproduct" time="17.169"/>
</testsuite> <!-- Default test -->
