<?xml version="1.0" encoding="UTF-8"?>
<testng-results skipped="0" failed="0" ignored="0" total="7" passed="7">
  <reporter-output>
  </reporter-output>
  <suite name="Suite" duration-ms="103708" started-at="2021-09-11T10:56:36Z" finished-at="2021-09-11T10:58:20Z">
    <groups>
    </groups>
    <test name="Test" duration-ms="103708" started-at="2021-09-11T10:56:36Z" finished-at="2021-09-11T10:58:20Z">
      <class name="com.amazon.runner.Tests">
        <test-method status="PASS" signature="openbrowser()[pri:0, instance:com.amazon.runner.Tests@428640fa]" name="openbrowser" is-config="true" duration-ms="3332" started-at="2021-09-11T16:26:36Z" finished-at="2021-09-11T16:26:40Z">
          <reporter-output>
          </reporter-output>
        </test-method> <!-- openbrowser -->
        <test-method status="PASS" signature="basenavigation(java.lang.String, java.lang.String)[pri:0, instance:com.amazon.runner.Tests@428640fa]" name="basenavigation" duration-ms="13689" started-at="2021-09-11T16:26:40Z" data-provider="getdata" finished-at="2021-09-11T16:26:53Z">
          <params>
            <param index="0">
              <value>
                <![CDATA[9952180671]]>
              </value>
            </param>
            <param index="1">
              <value>
                <![CDATA[vishnu]]>
              </value>
            </param>
          </params>
          <reporter-output>
          </reporter-output>
        </test-method> <!-- basenavigation -->
        <test-method status="PASS" signature="basenavigation(java.lang.String, java.lang.String)[pri:0, instance:com.amazon.runner.Tests@428640fa]" name="basenavigation" duration-ms="14015" started-at="2021-09-11T16:26:55Z" data-provider="getdata" finished-at="2021-09-11T16:27:09Z">
          <params>
            <param index="0">
              <value>
                <![CDATA[priya@gmail.com]]>
              </value>
            </param>
            <param index="1">
              <value>
                <![CDATA[vishnu]]>
              </value>
            </param>
          </params>
          <reporter-output>
          </reporter-output>
        </test-method> <!-- basenavigation -->
        <test-method status="PASS" signature="searchproduct(java.lang.String)[pri:0, instance:com.amazon.runner.Tests@428640fa]" name="searchproduct" duration-ms="17132" started-at="2021-09-11T16:27:13Z" data-provider="getdata1" finished-at="2021-09-11T16:27:30Z">
          <params>
            <param index="0">
              <value>
                <![CDATA[refridgerator]]>
              </value>
            </param>
          </params>
          <reporter-output>
          </reporter-output>
        </test-method> <!-- searchproduct -->
        <test-method status="PASS" signature="searchproduct(java.lang.String)[pri:0, instance:com.amazon.runner.Tests@428640fa]" name="searchproduct" duration-ms="11104" started-at="2021-09-11T16:27:31Z" data-provider="getdata1" finished-at="2021-09-11T16:27:42Z">
          <params>
            <param index="0">
              <value>
                <![CDATA[mobile]]>
              </value>
            </param>
          </params>
          <reporter-output>
          </reporter-output>
        </test-method> <!-- searchproduct -->
        <test-method status="PASS" signature="searchproduct(java.lang.String)[pri:0, instance:com.amazon.runner.Tests@428640fa]" name="searchproduct" duration-ms="9245" started-at="2021-09-11T16:27:42Z" data-provider="getdata1" finished-at="2021-09-11T16:27:52Z">
          <params>
            <param index="0">
              <value>
                <![CDATA[smarttv]]>
              </value>
            </param>
          </params>
          <reporter-output>
          </reporter-output>
        </test-method> <!-- searchproduct -->
        <test-method status="PASS" signature="searchproduct(java.lang.String)[pri:0, instance:com.amazon.runner.Tests@428640fa]" name="searchproduct" duration-ms="14088" started-at="2021-09-11T16:27:52Z" data-provider="getdata1" finished-at="2021-09-11T16:28:06Z">
          <params>
            <param index="0">
              <value>
                <![CDATA[footwear]]>
              </value>
            </param>
          </params>
          <reporter-output>
          </reporter-output>
        </test-method> <!-- searchproduct -->
        <test-method status="PASS" signature="searchproduct(java.lang.String)[pri:0, instance:com.amazon.runner.Tests@428640fa]" name="searchproduct" duration-ms="11481" started-at="2021-09-11T16:28:07Z" data-provider="getdata1" finished-at="2021-09-11T16:28:18Z">
          <params>
            <param index="0">
              <value>
                <![CDATA[utensils]]>
              </value>
            </param>
          </params>
          <reporter-output>
          </reporter-output>
        </test-method> <!-- searchproduct -->
        <test-method status="PASS" signature="closebrowser()[pri:0, instance:com.amazon.runner.Tests@428640fa]" name="closebrowser" is-config="true" duration-ms="1517" started-at="2021-09-11T16:28:18Z" finished-at="2021-09-11T16:28:20Z">
          <reporter-output>
          </reporter-output>
        </test-method> <!-- closebrowser -->
      </class> <!-- com.amazon.runner.Tests -->
    </test> <!-- Test -->
  </suite> <!-- Suite -->
</testng-results>
