<?xml version="1.0" encoding="UTF-8"?>
<testsuite xmlns:xsi="http://www.w3.org/2001/XMLSchema-instance" xsi:noNamespaceSchemaLocation="https://maven.apache.org/surefire/maven-surefire-plugin/xsd/surefire-test-report.xsd" name="TestSuite" time="108.822" tests="7" errors="0" skipped="0" failures="0">
  <properties>
[...]
</properties>
  <testcase name="basenavigation" classname="com.amazon.runner.Tests" time="15.846"/>
  <testcase name="basenavigation" classname="com.amazon.runner.Tests" time="16.105"/>
  <testcase name="searchproduct" classname="com.amazon.runner.Tests" time="17.694"/>
  <testcase name="searchproduct" classname="com.amazon.runner.Tests" time="11.67"/>
  <testcase name="searchproduct" classname="com.amazon.runner.Tests" time="9.845"/>
  <testcase name="searchproduct" classname="com.amazon.runner.Tests" time="14.495"/>
  <testcase name="searchproduct" classname="com.amazon.runner.Tests" time="11.771"/>
</testsuite>