<?xml version="1.0" encoding="UTF-8"?>
<testng-results ignored="0" total="5" passed="5" failed="0" skipped="0">
  <reporter-output>
  </reporter-output>
  <suite started-at="2021-09-02T18:00:47 IST" name="Default suite" finished-at="2021-09-02T18:02:45 IST" duration-ms="118272">
    <groups>
    </groups>
    <test started-at="2021-09-02T18:00:47 IST" name="Default test" finished-at="2021-09-02T18:02:45 IST" duration-ms="118272">
      <class name="com.amazon.runner.Tests">
        <test-method is-config="true" signature="openbrowser()[pri:0, instance:com.amazon.runner.Tests@46944ca9]" started-at="2021-09-02T18:00:47 IST" name="openbrowser" finished-at="2021-09-02T18:00:51 IST" duration-ms="4318" status="PASS">
          <reporter-output>
          </reporter-output>
        </test-method> <!-- openbrowser -->
        <test-method signature="searchproduct(java.lang.String)[pri:0, instance:com.amazon.runner.Tests@46944ca9]" started-at="2021-09-02T18:00:53 IST" name="searchproduct" data-provider="getdata1" finished-at="2021-09-02T18:01:28 IST" duration-ms="35599" status="PASS">
          <params>
            <param index="0">
              <value>
                <![CDATA[refridgerator]]>
              </value>
            </param>
          </params>
          <reporter-output>
          </reporter-output>
        </test-method> <!-- searchproduct -->
        <test-method signature="searchproduct(java.lang.String)[pri:0, instance:com.amazon.runner.Tests@46944ca9]" started-at="2021-09-02T18:01:29 IST" name="searchproduct" data-provider="getdata1" finished-at="2021-09-02T18:01:59 IST" duration-ms="30605" status="PASS">
          <params>
            <param index="0">
              <value>
                <![CDATA[mobile]]>
              </value>
            </param>
          </params>
          <reporter-output>
          </reporter-output>
        </test-method> <!-- searchproduct -->
        <test-method signature="searchproduct(java.lang.String)[pri:0, instance:com.amazon.runner.Tests@46944ca9]" started-at="2021-09-02T18:01:59 IST" name="searchproduct" data-provider="getdata1" finished-at="2021-09-02T18:02:11 IST" duration-ms="11869" status="PASS">
          <params>
            <param index="0">
              <value>
                <![CDATA[smarttv]]>
              </value>
            </param>
          </params>
          <reporter-output>
          </reporter-output>
        </test-method> <!-- searchproduct -->
        <test-method signature="searchproduct(java.lang.String)[pri:0, instance:com.amazon.runner.Tests@46944ca9]" started-at="2021-09-02T18:02:11 IST" name="searchproduct" data-provider="getdata1" finished-at="2021-09-02T18:02:26 IST" duration-ms="14701" status="PASS">
          <params>
            <param index="0">
              <value>
                <![CDATA[footwear]]>
              </value>
            </param>
          </params>
          <reporter-output>
          </reporter-output>
        </test-method> <!-- searchproduct -->
        <test-method signature="searchproduct(java.lang.String)[pri:0, instance:com.amazon.runner.Tests@46944ca9]" started-at="2021-09-02T18:02:26 IST" name="searchproduct" data-provider="getdata1" finished-at="2021-09-02T18:02:43 IST" duration-ms="17169" status="PASS">
          <params>
            <param index="0">
              <value>
                <![CDATA[utensils]]>
              </value>
            </param>
          </params>
          <reporter-output>
          </reporter-output>
        </test-method> <!-- searchproduct -->
        <test-method is-config="true" signature="closebrowser()[pri:0, instance:com.amazon.runner.Tests@46944ca9]" started-at="2021-09-02T18:02:43 IST" name="closebrowser" finished-at="2021-09-02T18:02:45 IST" duration-ms="1886" status="PASS">
          <reporter-output>
          </reporter-output>
        </test-method> <!-- closebrowser -->
      </class> <!-- com.amazon.runner.Tests -->
    </test> <!-- Default test -->
  </suite> <!-- Default suite -->
</testng-results>
